<?xml version="1.0" encoding="UTF-8"?>
<!-- Generated by org.testng.reporters.JUnitReportReporter -->
<testsuite hostname="LAPTOP-401LER1A" failures="0" tests="1" name="testCases.TC001_AccountRegistrationTest" time="17.683" errors="0" timestamp="2025-03-07T12:20:35 IST" skipped="0">
  <testcase classname="testCases.TC001_AccountRegistrationTest" name="registrationPageTest" time="17.683"/>
  <system-out/>
</testsuite> <!-- testCases.TC001_AccountRegistrationTest -->
