<?xml version="1.0" encoding="UTF-8"?>
<!-- Generated by org.testng.reporters.JUnitReportReporter -->
<testsuite hostname="LAPTOP-401LER1A" failures="0" tests="4" name="testCases.TC003_LoginTestDDT" time="28.270" errors="0" timestamp="2025-02-19T12:44:45 IST" skipped="0">
  <testcase classname="testCases.TC003_LoginTestDDT" name="verify_LoginDDT" time="11.568"/>
  <system-out/>
  <testcase classname="testCases.TC003_LoginTestDDT" name="verify_LoginDDT" time="11.285"/>
  <system-out/>
  <testcase classname="testCases.TC003_LoginTestDDT" name="verify_LoginDDT" time="1.829"/>
  <system-out/>
  <testcase classname="testCases.TC003_LoginTestDDT" name="verify_LoginDDT" time="3.588"/>
  <system-out/>
</testsuite> <!-- testCases.TC003_LoginTestDDT -->
