<?xml version="1.0" encoding="UTF-8"?>
<!-- Generated by org.testng.reporters.JUnitReportReporter -->
<testsuite hostname="LAPTOP-401LER1A" failures="0" tests="1" name="testCases.TC002_LoginPageTest" time="2.747" errors="0" timestamp="2025-02-19T12:44:45 IST" skipped="0">
  <testcase classname="testCases.TC002_LoginPageTest" name="verify_Login" time="2.747"/>
  <system-out/>
</testsuite> <!-- testCases.TC002_LoginPageTest -->
